This is pdfTeX, Version 3.1415926-2.5-1.40.14 (MiKTeX 2.9) (preloaded format=pdflatex 2015.6.4)  26 JUN 2015 03:21
entering extended mode
**thesis.tex
(C:\Users\bucur\Desktop\diploma\thesis.tex
LaTeX2e <2011/06/27>
Babel <v3.8m> and hyphenation patterns for english, afrikaans, ancientgreek, ar
abic, armenian, assamese, basque, bengali, bokmal, bulgarian, catalan, coptic, 
croatian, czech, danish, dutch, esperanto, estonian, farsi, finnish, french, ga
lician, german, german-x-2013-05-26, greek, gujarati, hindi, hungarian, iceland
ic, indonesian, interlingua, irish, italian, kannada, kurmanji, latin, latvian,
 lithuanian, malayalam, marathi, mongolian, mongolianlmc, monogreek, ngerman, n
german-x-2013-05-26, nynorsk, oriya, panjabi, pinyin, polish, portuguese, roman
ian, russian, sanskrit, serbian, slovak, slovenian, spanish, swedish, swissgerm
an, tamil, telugu, turkish, turkmen, ukenglish, ukrainian, uppersorbian, usengl
ishmax, welsh, loaded.
(C:\Users\bucur\Desktop\diploma\thesis.cs.pub.ro.cls
Document Class: thesis.cs.pub.ro 2008/07/14
("C:\Program Files (x86)\MiKTeX 2.9\tex\latex\base\report.cls"
Document Class: report 2007/10/19 v1.4h Standard LaTeX document class
("C:\Program Files (x86)\MiKTeX 2.9\tex\latex\base\size11.clo"
File: size11.clo 2007/10/19 v1.4h Standard LaTeX file (size option)
)
\c@part=\count79
\c@chapter=\count80
\c@section=\count81
\c@subsection=\count82
\c@subsubsection=\count83
\c@paragraph=\count84
\c@subparagraph=\count85
\c@figure=\count86
\c@table=\count87
\abovecaptionskip=\skip41
\belowcaptionskip=\skip42
\bibindent=\dimen102
)
("C:\Program Files (x86)\MiKTeX 2.9\tex\latex\ucs\ucs.sty"
Package: ucs 2013/05/11 v2.2 UCS: Unicode input support

("C:\Program Files (x86)\MiKTeX 2.9\tex\latex\ucs\uni-global.def"
File: uni-global.def 2013/05/13 UCS: Unicode global data
)
\uc@secondtry=\count88
\uc@combtoks=\toks14
\uc@combtoksb=\toks15
\uc@temptokena=\toks16
)
("C:\Program Files (x86)\MiKTeX 2.9\tex\latex\base\inputenc.sty"
Package: inputenc 2008/03/30 v1.1d Input encoding file
\inpenc@prehook=\toks17
\inpenc@posthook=\toks18

("C:\Program Files (x86)\MiKTeX 2.9\tex\latex\ucs\utf8x.def"
File: utf8x.def 2004/10/17 UCS: Input encoding UTF-8
))
("C:\Program Files (x86)\MiKTeX 2.9\tex\generic\babel\babel.sty"
Package: babel 2008/07/08 v3.8m The Babel package

*************************************
* Local config file bblopts.cfg used
*
("C:\Program Files (x86)\MiKTeX 2.9\tex\latex\00miktex\bblopts.cfg"
File: bblopts.cfg 2006/07/31 v1.0 MiKTeX 'babel' configuration
)
("C:\Program Files (x86)\MiKTeX 2.9\tex\generic\babel\english.ldf"
Language: english 2005/03/30 v3.3o English support from the babel system

("C:\Program Files (x86)\MiKTeX 2.9\tex\generic\babel\babel.def"
File: babel.def 2008/07/08 v3.8m Babel common definitions
\babel@savecnt=\count89
\U@D=\dimen103
)
\l@canadian = a dialect from \language\l@american 
\l@australian = a dialect from \language\l@british 
\l@newzealand = a dialect from \language\l@british 
)
("C:\Program Files (x86)\MiKTeX 2.9\tex\generic\babel\romanian.ldf"
Language: romanian 2005/03/31 v1.2l Romanian support from the babel system
))
("C:\Program Files (x86)\MiKTeX 2.9\tex\latex\tocbibind\tocbibind.sty"
Package: tocbibind 2010/10/13 v1.5k extra ToC listings
Package tocbibind Info: The document has chapter divisions on input line 50.


Package tocbibind Note: Using chapter style headings, unless overridden.

) ("C:\Program Files (x86)\MiKTeX 2.9\tex\latex\cite\cite.sty"
LaTeX Info: Redefining \cite on input line 302.
LaTeX Info: Redefining \nocite on input line 332.
Package: cite 2015/02/27  v 5.5
)
("C:\Program Files (x86)\MiKTeX 2.9\tex\latex\base\makeidx.sty"
Package: makeidx 2000/03/29 v1.0m Standard LaTeX package
)
("C:\Program Files (x86)\MiKTeX 2.9\tex\latex\geometry\geometry.sty"
Package: geometry 2010/09/12 v5.6 Page Geometry

("C:\Program Files (x86)\MiKTeX 2.9\tex\latex\graphics\keyval.sty"
Package: keyval 1999/03/16 v1.13 key=value parser (DPC)
\KV@toks@=\toks19
)
("C:\Program Files (x86)\MiKTeX 2.9\tex\generic\oberdiek\ifpdf.sty"
Package: ifpdf 2011/01/30 v2.3 Provides the ifpdf switch (HO)
Package ifpdf Info: pdfTeX in PDF mode is detected.
)
("C:\Program Files (x86)\MiKTeX 2.9\tex\generic\oberdiek\ifvtex.sty"
Package: ifvtex 2010/03/01 v1.5 Detect VTeX and its facilities (HO)
Package ifvtex Info: VTeX not detected.
)
("C:\Program Files (x86)\MiKTeX 2.9\tex\generic\ifxetex\ifxetex.sty"
Package: ifxetex 2010/09/12 v0.6 Provides ifxetex conditional
)
\Gm@cnth=\count90
\Gm@cntv=\count91
\c@Gm@tempcnt=\count92
\Gm@bindingoffset=\dimen104
\Gm@wd@mp=\dimen105
\Gm@odd@mp=\dimen106
\Gm@even@mp=\dimen107
\Gm@layoutwidth=\dimen108
\Gm@layoutheight=\dimen109
\Gm@layouthoffset=\dimen110
\Gm@layoutvoffset=\dimen111
\Gm@dimlist=\toks20

("C:\Program Files (x86)\MiKTeX 2.9\tex\latex\geometry\geometry.cfg"))
("C:\Program Files (x86)\MiKTeX 2.9\tex\latex\ltxmisc\parskip.sty"
Package: parskip 2001/04/09 non-zero parskip adjustments
)
("C:\Program Files (x86)\MiKTeX 2.9\tex\latex\setspace\setspace.sty"
Package: setspace 2011/12/19 v6.7a set line spacing
)
("C:\Program Files (x86)\MiKTeX 2.9\tex\latex\hyperref\hyperref.sty"
Package: hyperref 2012/11/06 v6.83m Hypertext links for LaTeX

("C:\Program Files (x86)\MiKTeX 2.9\tex\generic\oberdiek\hobsub-hyperref.sty"
Package: hobsub-hyperref 2012/04/25 v1.12 Bundle oberdiek, subset hyperref (HO)


("C:\Program Files (x86)\MiKTeX 2.9\tex\generic\oberdiek\hobsub-generic.sty"
Package: hobsub-generic 2012/04/25 v1.12 Bundle oberdiek, subset generic (HO)
Package: hobsub 2012/04/25 v1.12 Construct package bundles (HO)
Package: infwarerr 2010/04/08 v1.3 Providing info/warning/error messages (HO)
Package: ltxcmds 2011/11/09 v1.22 LaTeX kernel commands for general use (HO)
Package: ifluatex 2010/03/01 v1.3 Provides the ifluatex switch (HO)
Package ifluatex Info: LuaTeX not detected.
Package hobsub Info: Skipping package `ifvtex' (already loaded).
Package: intcalc 2007/09/27 v1.1 Expandable calculations with integers (HO)
Package hobsub Info: Skipping package `ifpdf' (already loaded).
Package: etexcmds 2011/02/16 v1.5 Avoid name clashes with e-TeX commands (HO)
Package etexcmds Info: Could not find \expanded.
(etexcmds)             That can mean that you are not using pdfTeX 1.50 or
(etexcmds)             that some package has redefined \expanded.
(etexcmds)             In the latter case, load this package earlier.
Package: kvsetkeys 2012/04/25 v1.16 Key value parser (HO)
Package: kvdefinekeys 2011/04/07 v1.3 Define keys (HO)
Package: pdftexcmds 2011/11/29 v0.20 Utility functions of pdfTeX for LuaTeX (HO
)
Package pdftexcmds Info: LuaTeX not detected.
Package pdftexcmds Info: \pdf@primitive is available.
Package pdftexcmds Info: \pdf@ifprimitive is available.
Package pdftexcmds Info: \pdfdraftmode found.
Package: pdfescape 2011/11/25 v1.13 Implements pdfTeX's escape features (HO)
Package: bigintcalc 2012/04/08 v1.3 Expandable calculations on big integers (HO
)
Package: bitset 2011/01/30 v1.1 Handle bit-vector datatype (HO)
Package: uniquecounter 2011/01/30 v1.2 Provide unlimited unique counter (HO)
)
Package hobsub Info: Skipping package `hobsub' (already loaded).
Package: letltxmacro 2010/09/02 v1.4 Let assignment for LaTeX macros (HO)
Package: hopatch 2011/06/24 v1.1 Wrapper for package hooks (HO)
Package: xcolor-patch 2011/01/30 xcolor patch
Package: atveryend 2011/06/30 v1.8 Hooks at the very end of document (HO)
Package atveryend Info: \enddocument detected (standard20110627).
Package: atbegshi 2011/10/05 v1.16 At begin shipout hook (HO)
Package: refcount 2011/10/16 v3.4 Data extraction from label references (HO)
Package: hycolor 2011/01/30 v1.7 Color options for hyperref/bookmark (HO)
)
("C:\Program Files (x86)\MiKTeX 2.9\tex\latex\oberdiek\auxhook.sty"
Package: auxhook 2011/03/04 v1.3 Hooks for auxiliary files (HO)
)
("C:\Program Files (x86)\MiKTeX 2.9\tex\latex\oberdiek\kvoptions.sty"
Package: kvoptions 2011/06/30 v3.11 Key value format for package options (HO)
)
\@linkdim=\dimen112
\Hy@linkcounter=\count93
\Hy@pagecounter=\count94

("C:\Program Files (x86)\MiKTeX 2.9\tex\latex\hyperref\pd1enc.def"
File: pd1enc.def 2012/11/06 v6.83m Hyperref: PDFDocEncoding definition (HO)
)
\Hy@SavedSpaceFactor=\count95

("C:\Program Files (x86)\MiKTeX 2.9\tex\latex\00miktex\hyperref.cfg"
File: hyperref.cfg 2002/06/06 v1.2 hyperref configuration of TeXLive
)
Package hyperref Info: Hyper figures OFF on input line 4443.
Package hyperref Info: Link nesting OFF on input line 4448.
Package hyperref Info: Hyper index ON on input line 4451.
Package hyperref Info: Plain pages OFF on input line 4458.
Package hyperref Info: Backreferencing OFF on input line 4463.
Package hyperref Info: Implicit mode ON; LaTeX internals redefined.
Package hyperref Info: Bookmarks ON on input line 4688.
\c@Hy@tempcnt=\count96

("C:\Program Files (x86)\MiKTeX 2.9\tex\latex\url\url.sty"
\Urlmuskip=\muskip10
Package: url 2013/09/16  ver 3.4  Verb mode for urls, etc.
)
LaTeX Info: Redefining \url on input line 5041.
\XeTeXLinkMargin=\dimen113
\Fld@menulength=\count97
\Field@Width=\dimen114
\Fld@charsize=\dimen115
Package hyperref Info: Hyper figures OFF on input line 6295.
Package hyperref Info: Link nesting OFF on input line 6300.
Package hyperref Info: Hyper index ON on input line 6303.
Package hyperref Info: backreferencing OFF on input line 6310.
Package hyperref Info: Link coloring OFF on input line 6315.
Package hyperref Info: Link coloring with OCG OFF on input line 6320.
Package hyperref Info: PDF/A mode OFF on input line 6325.
LaTeX Info: Redefining \ref on input line 6365.
LaTeX Info: Redefining \pageref on input line 6369.
\Hy@abspage=\count98
\c@Item=\count99
\c@Hfootnote=\count100
)

Package hyperref Message: Driver (autodetected): hpdftex.

("C:\Program Files (x86)\MiKTeX 2.9\tex\latex\hyperref\hpdftex.def"
File: hpdftex.def 2012/11/06 v6.83m Hyperref driver for pdfTeX
\Fld@listcount=\count101
\c@bookmark@seq@number=\count102

("C:\Program Files (x86)\MiKTeX 2.9\tex\latex\oberdiek\rerunfilecheck.sty"
Package: rerunfilecheck 2011/04/15 v1.7 Rerun checks for auxiliary files (HO)
Package uniquecounter Info: New unique counter `rerunfilecheck' on input line 2
82.
)
\Hy@SectionHShift=\skip43
)
Package hyperref Info: Option `colorlinks' set `true' on input line 55.


Package hyperref Warning: Option `bookmarks' has already been used,
(hyperref)                setting the option has no effect on input line 55.

Package hyperref Info: Option `bookmarksnumbered' set `true' on input line 55.
("C:\Program Files (x86)\MiKTeX 2.9\tex\latex\underscore\underscore.sty"
Package: underscore 2006/09/13
LaTeX Info: Redefining \_ on input line 42.
)
("C:\Program Files (x86)\MiKTeX 2.9\tex\latex\graphics\graphicx.sty"
Package: graphicx 1999/02/16 v1.0f Enhanced LaTeX Graphics (DPC,SPQR)

("C:\Program Files (x86)\MiKTeX 2.9\tex\latex\graphics\graphics.sty"
Package: graphics 2009/02/05 v1.0o Standard LaTeX Graphics (DPC,SPQR)

("C:\Program Files (x86)\MiKTeX 2.9\tex\latex\graphics\trig.sty"
Package: trig 1999/03/16 v1.09 sin cos tan (DPC)
)
("C:\Program Files (x86)\MiKTeX 2.9\tex\latex\00miktex\graphics.cfg"
File: graphics.cfg 2007/01/18 v1.5 graphics configuration of teTeX/TeXLive
)
Package graphics Info: Driver file: pdftex.def on input line 91.

("C:\Program Files (x86)\MiKTeX 2.9\tex\latex\pdftex-def\pdftex.def"
File: pdftex.def 2011/05/27 v0.06d Graphics/color for pdfTeX
\Gread@gobject=\count103
))
\Gin@req@height=\dimen116
\Gin@req@width=\dimen117
)
("C:\Program Files (x86)\MiKTeX 2.9\tex\latex\listings\listings.sty"
\lst@mode=\count104
\lst@gtempboxa=\box26
\lst@token=\toks21
\lst@length=\count105
\lst@currlwidth=\dimen118
\lst@column=\count106
\lst@pos=\count107
\lst@lostspace=\dimen119
\lst@width=\dimen120
\lst@newlines=\count108
\lst@lineno=\count109
\lst@maxwidth=\dimen121

("C:\Program Files (x86)\MiKTeX 2.9\tex\latex\listings\lstmisc.sty"
File: lstmisc.sty 2014/09/06 1.5e (Carsten Heinz)
\c@lstnumber=\count110
\lst@skipnumbers=\count111
\lst@framebox=\box27
)
("C:\Program Files (x86)\MiKTeX 2.9\tex\latex\listings\listings.cfg"
File: listings.cfg 2014/09/06 1.5e listings configuration
))
Package: listings 2014/09/06 1.5e (Carsten Heinz)

("C:\Program Files (x86)\MiKTeX 2.9\tex\latex\listings\lstlang1.sty"
File: lstlang1.sty 2014/09/06 1.5e listings language file
)
("C:\Program Files (x86)\MiKTeX 2.9\tex\latex\nomencl\nomencl.sty"
Package: nomencl 2005/09/22 v4.2 Nomenclature package (LN)
\nomlabelwidth=\dimen122
\nom@tempdim=\dimen123
\nomitemsep=\skip44
)
\@nomenclaturefile=\write3

Writing nomenclature file thesis.nlo
("C:\Program Files (x86)\MiKTeX 2.9\tex\latex\bigfoot\perpage.sty"
Package: perpage 2014/10/25 2.0 Reset/sort counters per page
\c@abspage=\count112
)
\c@pp@a@footnote=\count113

("C:\Program Files (x86)\MiKTeX 2.9\tex\latex\fancyhdr\fancyhdr.sty"
\fancy@headwidth=\skip45
\f@ncyO@elh=\skip46
\f@ncyO@erh=\skip47
\f@ncyO@olh=\skip48
\f@ncyO@orh=\skip49
\f@ncyO@elf=\skip50
\f@ncyO@erf=\skip51
\f@ncyO@olf=\skip52
\f@ncyO@orf=\skip53
)
("C:\Program Files (x86)\MiKTeX 2.9\tex\latex\tools\longtable.sty"
Package: longtable 2004/02/01 v4.11 Multi-page Table package (DPC)
\LTleft=\skip54
\LTright=\skip55
\LTpre=\skip56
\LTpost=\skip57
\LTchunksize=\count114
\LTcapwidth=\dimen124
\LT@head=\box28
\LT@firsthead=\box29
\LT@foot=\box30
\LT@lastfoot=\box31
\LT@cols=\count115
\LT@rows=\count116
\c@LT@tables=\count117
\c@LT@chunks=\count118
\LT@p@ftn=\toks22
)
("C:\Program Files (x86)\MiKTeX 2.9\tex\latex\base\fontenc.sty"
Package: fontenc 2005/09/27 v1.99g Standard LaTeX package

("C:\Program Files (x86)\MiKTeX 2.9\tex\latex\base\t1enc.def"
File: t1enc.def 2005/09/27 v1.99g Standard LaTeX file
LaTeX Font Info:    Redeclaring font encoding T1 on input line 43.
))
("C:\Program Files (x86)\MiKTeX 2.9\tex\latex\psnfss\helvet.sty"
Package: helvet 2005/04/12 PSNFSS-v9.2a (WaS) 
)
("C:\Program Files (x86)\MiKTeX 2.9\tex\latex\tools\multicol.sty"
Package: multicol 2011/06/27 v1.7a multicolumn formatting (FMi)
\c@tracingmulticols=\count119
\mult@box=\box32
\multicol@leftmargin=\dimen125
\c@unbalance=\count120
\c@collectmore=\count121
\doublecol@number=\count122
\multicoltolerance=\count123
\multicolpretolerance=\count124
\full@width=\dimen126
\page@free=\dimen127
\premulticols=\dimen128
\postmulticols=\dimen129
\multicolsep=\skip58
\multicolbaselineskip=\skip59
\partial@page=\box33
\last@line=\box34
\mult@rightbox=\box35
\mult@grightbox=\box36
\mult@gfirstbox=\box37
\mult@firstbox=\box38
\@tempa=\box39
\@tempa=\box40
\@tempa=\box41
\@tempa=\box42
\@tempa=\box43
\@tempa=\box44
\@tempa=\box45
\@tempa=\box46
\@tempa=\box47
\@tempa=\box48
\@tempa=\box49
\@tempa=\box50
\@tempa=\box51
\@tempa=\box52
\@tempa=\box53
\@tempa=\box54
\@tempa=\box55
\c@columnbadness=\count125
\c@finalcolumnbadness=\count126
\last@try=\dimen130
\multicolovershoot=\dimen131
\multicolundershoot=\dimen132
\mult@nat@firstbox=\box56
\colbreak@box=\box57
\multicol@sort@counter=\count127
)
("C:\Program Files (x86)\MiKTeX 2.9\tex\latex\subfig\subfig.sty"
Package: subfig 2005/06/28 ver: 1.3 subfig package

("C:\Program Files (x86)\MiKTeX 2.9\tex\latex\caption\caption.sty"
Package: caption 2013/05/02 v3.3-89 Customizing captions (AR)

("C:\Program Files (x86)\MiKTeX 2.9\tex\latex\caption\caption3.sty"
Package: caption3 2013/05/02 v1.6-88 caption3 kernel (AR)
Package caption3 Info: TeX engine: e-TeX on input line 57.
\captionmargin=\dimen133
\captionmargin@=\dimen134
\captionwidth=\dimen135
\caption@tempdima=\dimen136
\caption@indent=\dimen137
\caption@parindent=\dimen138
\caption@hangindent=\dimen139
)
\c@ContinuedFloat=\count128
Package caption Info: hyperref package is loaded.
Package caption Info: listings package is loaded.
Package caption Info: longtable package is loaded.

("C:\Program Files (x86)\MiKTeX 2.9\tex\latex\caption\ltcaption.sty"
Package: ltcaption 2013/02/03 v1.3-62 longtable captions (AR)
))
\c@KVtest=\count129
\sf@farskip=\skip60
\sf@captopadj=\dimen140
\sf@capskip=\skip61
\sf@nearskip=\skip62
\c@subfigure=\count130
\c@subfigure@save=\count131
\c@lofdepth=\count132
\c@subtable=\count133
\c@subtable@save=\count134
\c@lotdepth=\count135
\sf@top=\skip63
\sf@bottom=\skip64
)
("C:\Program Files (x86)\MiKTeX 2.9\tex\latex\booktabs\booktabs.sty"
Package: booktabs 2005/04/14 v1.61803 publication quality tables
\heavyrulewidth=\dimen141
\lightrulewidth=\dimen142
\cmidrulewidth=\dimen143
\belowrulesep=\dimen144
\belowbottomsep=\dimen145
\aboverulesep=\dimen146
\abovetopsep=\dimen147
\cmidrulesep=\dimen148
\cmidrulekern=\dimen149
\defaultaddspace=\dimen150
\@cmidla=\count136
\@cmidlb=\count137
\@aboverulesep=\dimen151
\@belowrulesep=\dimen152
\@thisruleclass=\count138
\@lastruleclass=\count139
\@thisrulewidth=\dimen153
)
("C:\Program Files (x86)\MiKTeX 2.9\tex\latex\multirow\multirow.sty"
\bigstrutjot=\dimen154
))
("C:\Program Files (x86)\MiKTeX 2.9\tex\latex\amsmath\amsmath.sty"
Package: amsmath 2013/01/14 v2.14 AMS math features
\@mathmargin=\skip65

For additional information on amsmath, use the `?' option.
("C:\Program Files (x86)\MiKTeX 2.9\tex\latex\amsmath\amstext.sty"
Package: amstext 2000/06/29 v2.01

("C:\Program Files (x86)\MiKTeX 2.9\tex\latex\amsmath\amsgen.sty"
File: amsgen.sty 1999/11/30 v2.0
\@emptytoks=\toks23
\ex@=\dimen155
))
("C:\Program Files (x86)\MiKTeX 2.9\tex\latex\amsmath\amsbsy.sty"
Package: amsbsy 1999/11/29 v1.2d
\pmbraise@=\dimen156
)
("C:\Program Files (x86)\MiKTeX 2.9\tex\latex\amsmath\amsopn.sty"
Package: amsopn 1999/12/14 v2.01 operator names
)
\inf@bad=\count140
LaTeX Info: Redefining \frac on input line 210.
\uproot@=\count141
\leftroot@=\count142
LaTeX Info: Redefining \overline on input line 306.
\classnum@=\count143
\DOTSCASE@=\count144
LaTeX Info: Redefining \ldots on input line 378.
LaTeX Info: Redefining \dots on input line 381.
LaTeX Info: Redefining \cdots on input line 466.
\Mathstrutbox@=\box58
\strutbox@=\box59
\big@size=\dimen157
LaTeX Font Info:    Redeclaring font encoding OML on input line 566.
LaTeX Font Info:    Redeclaring font encoding OMS on input line 567.
\macc@depth=\count145
\c@MaxMatrixCols=\count146
\dotsspace@=\muskip11
\c@parentequation=\count147
\dspbrk@lvl=\count148
\tag@help=\toks24
\row@=\count149
\column@=\count150
\maxfields@=\count151
\andhelp@=\toks25
\eqnshift@=\dimen158
\alignsep@=\dimen159
\tagshift@=\dimen160
\tagwidth@=\dimen161
\totwidth@=\dimen162
\lineht@=\dimen163
\@envbody=\toks26
\multlinegap=\skip66
\multlinetaggap=\skip67
\mathdisplay@stack=\toks27
LaTeX Info: Redefining \[ on input line 2665.
LaTeX Info: Redefining \] on input line 2666.
)
\@indexfile=\write4

Writing index file thesis.idx
(C:\Users\bucur\Desktop\diploma\thesis.aux
(C:\Users\bucur\Desktop\diploma\src/chapters/intro.aux)
(C:\Users\bucur\Desktop\diploma\src/chapters/appsimilare.aux)
(C:\Users\bucur\Desktop\diploma\src/chapters/tehnologiifolosite.aux)
(C:\Users\bucur\Desktop\diploma\src/chapters/proiectareaarhitecturii.aux)
(C:\Users\bucur\Desktop\diploma\src/chapters/implementare.aux)
(C:\Users\bucur\Desktop\diploma\src/chapters/testare.aux)
(C:\Users\bucur\Desktop\diploma\src/chapters/concluzii.aux))
LaTeX Font Info:    Checking defaults for OML/cmm/m/it on input line 5.
LaTeX Font Info:    ... okay on input line 5.
LaTeX Font Info:    Checking defaults for T1/cmr/m/n on input line 5.
LaTeX Font Info:    ... okay on input line 5.
LaTeX Font Info:    Checking defaults for OT1/cmr/m/n on input line 5.
LaTeX Font Info:    ... okay on input line 5.
LaTeX Font Info:    Checking defaults for OMS/cmsy/m/n on input line 5.
LaTeX Font Info:    ... okay on input line 5.
LaTeX Font Info:    Checking defaults for OMX/cmex/m/n on input line 5.
LaTeX Font Info:    ... okay on input line 5.
LaTeX Font Info:    Checking defaults for U/cmr/m/n on input line 5.
LaTeX Font Info:    ... okay on input line 5.
LaTeX Font Info:    Checking defaults for PD1/pdf/m/n on input line 5.
LaTeX Font Info:    ... okay on input line 5.

("C:\Program Files (x86)\MiKTeX 2.9\tex\latex\ucs\ucsencs.def"
File: ucsencs.def 2011/01/21 Fixes to fontencodings LGR, T3
)
*geometry* driver: auto-detecting
*geometry* detected driver: pdftex
*geometry* verbose mode - [ preamble ] result:
* driver: pdftex
* paper: <default>
* layout: <same size as paper>
* layoutoffset:(h,v)=(0.0pt,0.0pt)
* modes: 
* h-part:(L,W,R)=(99.58464pt, 412.56497pt, 85.35826pt)
* v-part:(T,H,B)=(99.58464pt, 645.87756pt, 99.58464pt)
* \paperwidth=597.50787pt
* \paperheight=845.04684pt
* \textwidth=412.56497pt
* \textheight=645.87756pt
* \oddsidemargin=27.31465pt
* \evensidemargin=27.31465pt
* \topmargin=-9.68535pt
* \headheight=34.64322pt
* \headsep=14.22636pt
* \topskip=11.0pt
* \footskip=30.0pt
* \marginparwidth=50.0pt
* \marginparsep=10.0pt
* \columnsep=10.0pt
* \skip\footins=10.0pt plus 4.0pt minus 2.0pt
* \hoffset=0.0pt
* \voffset=0.0pt
* \mag=1000
* \@twocolumnfalse
* \@twosidefalse
* \@mparswitchfalse
* \@reversemarginfalse
* (1in=72.27pt=25.4mm, 1cm=28.453pt)

\AtBeginShipoutBox=\box60
("C:\Program Files (x86)\MiKTeX 2.9\tex\latex\graphics\color.sty"
Package: color 2005/11/14 v1.0j Standard LaTeX Color (DPC)

("C:\Program Files (x86)\MiKTeX 2.9\tex\latex\00miktex\color.cfg"
File: color.cfg 2007/01/18 v1.5 color configuration of teTeX/TeXLive
)
Package color Info: Driver file: pdftex.def on input line 130.
)
Package hyperref Info: Link coloring ON on input line 5.

("C:\Program Files (x86)\MiKTeX 2.9\tex\latex\hyperref\nameref.sty"
Package: nameref 2012/10/27 v2.43 Cross-referencing by name of section

("C:\Program Files (x86)\MiKTeX 2.9\tex\generic\oberdiek\gettitlestring.sty"
Package: gettitlestring 2010/12/03 v1.4 Cleanup title references (HO)
)
\c@section@level=\count152
)
LaTeX Info: Redefining \ref on input line 5.
LaTeX Info: Redefining \pageref on input line 5.
LaTeX Info: Redefining \nameref on input line 5.

(C:\Users\bucur\Desktop\diploma\thesis.out)
(C:\Users\bucur\Desktop\diploma\thesis.out)
\@outlinefile=\write5

("C:\Program Files (x86)\MiKTeX 2.9\tex\context\base\supp-pdf.mkii"
[Loading MPS to PDF converter (version 2006.09.02).]
\scratchcounter=\count153
\scratchdimen=\dimen164
\scratchbox=\box61
\nofMPsegments=\count154
\nofMParguments=\count155
\everyMPshowfont=\toks28
\MPscratchCnt=\count156
\MPscratchDim=\dimen165
\MPnumerator=\count157
\makeMPintoPDFobject=\count158
\everyMPtoPDFconversion=\toks29
)
\c@lstlisting=\count159
Package caption Info: Begin \AtBeginDocument code.
Package caption Info: subfig package v1.3 is loaded.
Package caption Info: End \AtBeginDocument code.
 (C:\Users\bucur\Desktop\diploma\src/global.tex)
(C:\Users\bucur\Desktop\diploma\template/titlepage.ro.tex
("C:\Program Files (x86)\MiKTeX 2.9\tex\latex\ucs\uni-2.def"
File: uni-2.def 2013/05/13 UCS: Unicode data U+0200..U+02FF
)
("C:\Program Files (x86)\MiKTeX 2.9\tex\latex\ucs\uni-1.def"
File: uni-1.def 2013/05/13 UCS: Unicode data U+0100..U+01FF
)
<src/img/branding/upb.png, id=195, 598.235pt x 598.235pt>
File: src/img/branding/upb.png Graphic file (type png)

<use src/img/branding/upb.png>
Package pdftex.def Info: src/img/branding/upb.png used on input line 12.
(pdftex.def)             Requested size: 53.63545pt x 53.62888pt.

<src/img/branding/cs.png, id=196, 695.59875pt x 307.1475pt>
File: src/img/branding/cs.png Graphic file (type png)

<use src/img/branding/cs.png>
Package pdftex.def Info: src/img/branding/cs.png used on input line 14.
(pdftex.def)             Requested size: 123.77074pt x 54.65146pt.
 [1

{C:/ProgramData/MiKTeX/2.9/pdftex/config/pdftex.map} <C:/Users/bucur/Desktop/di
ploma/src/img/branding/upb.png> <C:/Users/bucur/Desktop/diploma/src/img/brandin
g/cs.png>])
(C:\Users\bucur\Desktop\diploma\src/base/acknowledgements.tex)pdfTeX warning (e
xt4): destination with the same identifier (name{page.i}) has been already used
, duplicate ignored
<to be read again> 
                   \relax 
l.18 \begin{abstract}
                      [1] (C:\Users\bucur\Desktop\diploma\src/base/abstract.tex
) (C:\Users\bucur\Desktop\diploma\template/contents.pages.tex [2

]
(C:\Users\bucur\Desktop\diploma\thesis.toc [3

])
\tf@toc=\write6
 [4]

Package hyperref Warning: Glyph not defined in PD1 encoding,
(hyperref)                removing `\u' on input line 6.

(C:\Users\bucur\Desktop\diploma\thesis.lof)
\tf@lof=\write7
 [5

])
No file thesis.nls.
(C:\Users\bucur\Desktop\diploma\src/main.tex
(C:\Users\bucur\Desktop\diploma\src/chapters/intro.tex
Capitolul 1.

Package hyperref Warning: Composite letter `\textcedilla+t'
(hyperref)                not defined in PD1 encoding,
(hyperref)                removing `\textcedilla' on input line 10.

[1


]) [2] (C:\Users\bucur\Desktop\diploma\src/chapters/appsimilare.tex
Capitolul 2.

Package hyperref Warning: Composite letter `\textcedilla+t'
(hyperref)                not defined in PD1 encoding,
(hyperref)                removing `\textcedilla' on input line 1.

<src/img/OTR-schema.pdf, id=333, 768.8725pt x 205.76875pt>
File: src/img/OTR-schema.pdf Graphic file (type pdf)

<use src/img/OTR-schema.pdf>
Package pdftex.def Info: src/img/OTR-schema.pdf used on input line 9.
(pdftex.def)             Requested size: 384.4353pt x 102.88411pt.
 [3



 <C:/Users/bucur/Desktop/diploma/src/img/OTR-schema.pdf>] <src/img/PGP-scheme.p
ng, id=350, 724.7075pt x 205.76875pt>
File: src/img/PGP-scheme.png Graphic file (type png)

<use src/img/PGP-scheme.png>
Package pdftex.def Info: src/img/PGP-scheme.png used on input line 35.
(pdftex.def)             Requested size: 362.35286pt x 102.88411pt.
 [4] [5 <C:/Users/bucur/Desktop/diploma/src/img/PGP-scheme.png>]) [6]
(C:\Users\bucur\Desktop\diploma\src/chapters/tehnologiifolosite.tex
Capitolul 3.

Package hyperref Warning: Glyph not defined in PD1 encoding,
(hyperref)                removing `\u' on input line 7.


Overfull \hbox (7.5104pt too wide) in paragraph at lines 8--9
\T1/cmr/m/n/10.95 Android este un sis-tem de ope-rare creat pen-tru dis-po-zi-t
i-vele mo-bile, cum ar fi smartphone-
 []

[7



] <src/img/Android-ARH.png, id=382, 756.8275pt x 409.53pt>
File: src/img/Android-ARH.png Graphic file (type png)

<use src/img/Android-ARH.png>
Package pdftex.def Info: src/img/Android-ARH.png used on input line 29.
(pdftex.def)             Requested size: 378.41283pt x 204.7645pt.

<src/img/EventBus.pdf, id=384, 543.02875pt x 306.14375pt>
File: src/img/EventBus.pdf Graphic file (type pdf)

<use src/img/EventBus.pdf>
Package pdftex.def Info: src/img/EventBus.pdf used on input line 36.
(pdftex.def)             Requested size: 271.5137pt x 153.07149pt.
 [8 <C:/Users/bucur/Desktop/diploma/src/img/Android-ARH.png>]

Package hyperref Warning: Glyph not defined in PD1 encoding,
(hyperref)                removing `\u' on input line 57.

[9 <C:/Users/bucur/Desktop/diploma/src/img/EventBus.pdf>]
<src/img/appid.png, id=414, 421.575pt x 45.92157pt>
File: src/img/appid.png Graphic file (type png)
 <use src/img/appid.png>
Package pdftex.def Info: src/img/appid.png used on input line 65.
(pdftex.def)             Requested size: 210.78697pt x 22.96072pt.

<src/img/devkey.png, id=416, 544.28343pt x 46.67438pt>
File: src/img/devkey.png Graphic file (type png)

<use src/img/devkey.png>
Package pdftex.def Info: src/img/devkey.png used on input line 69.
(pdftex.def)             Requested size: 272.14105pt x 23.33711pt.
 <src/img/token.png, id=418, 544.28343pt x 45.92157pt>
File: src/img/token.png Graphic file (type png)

<use src/img/token.png>
Package pdftex.def Info: src/img/token.png used on input line 73.
(pdftex.def)             Requested size: 272.14105pt x 22.96072pt.
 [10 <C:/Users/bucur/Desktop/diploma/src/img/appid.png> <C:/Users/bucur/Desktop
/diploma/src/img/devkey.png> <C:/Users/bucur/Desktop/diploma/src/img/token.png>
]
Overfull \hbox (2.1234pt too wide) in paragraph at lines 88--89
[]\T1/cmr/m/n/10.95 O ce-rere GET fo-lo-sind Graph API este de forma https://gr
aph.facebook.com/v2.3/node-
 []


Overfull \hbox (27.70161pt too wide) in paragraph at lines 90--91
[]\T1/cmr/m/n/10.95 O ce-rere POST fo-lo-sind Graph API, poate fi de forma http
s://graph.facebook.com/v2.3/node-
 []

) [11] (C:\Users\bucur\Desktop\diploma\src/chapters/proiectareaarhitecturii.tex
Capitolul 4.
<src/img/App-Arh.pdf, id=427, 587.19376pt x 506.89375pt>
File: src/img/App-Arh.pdf Graphic file (type pdf)

<use src/img/App-Arh.pdf>
Package pdftex.def Info: src/img/App-Arh.pdf used on input line 7.
(pdftex.def)             Requested size: 293.59616pt x 253.44626pt.


Package hyperref Warning: Composite letter `\textcedilla+t'
(hyperref)                not defined in PD1 encoding,
(hyperref)                removing `\textcedilla' on input line 9.


Package hyperref Warning: Glyph not defined in PD1 encoding,
(hyperref)                removing `\u' on input line 9.

[12



 <C:/Users/bucur/Desktop/diploma/src/img/App-Arh.pdf>]
<src/img/Login.pdf, id=448, 502.87875pt x 506.89375pt>
File: src/img/Login.pdf Graphic file (type pdf)
 <use src/img/Login.pdf>
Package pdftex.def Info: src/img/Login.pdf used on input line 13.
(pdftex.def)             Requested size: 352.01273pt x 354.82321pt.

[13 <C:/Users/bucur/Desktop/diploma/src/img/Login.pdf>]
<src/img/Gestionare-Grupuri.pdf, id=459, 830.10126pt x 607.26875pt>
File: src/img/Gestionare-Grupuri.pdf Graphic file (type pdf)

<use src/img/Gestionare-Grupuri.pdf>
Package pdftex.def Info: src/img/Gestionare-Grupuri.pdf used on input line 25.
(pdftex.def)             Requested size: 415.04962pt x 303.63364pt.

Overfull \hbox (2.48465pt too wide) in paragraph at lines 25--25
 [] 
 []


Package hyperref Warning: Composite letter `\textcedilla+t'
(hyperref)                not defined in PD1 encoding,
(hyperref)                removing `\textcedilla' on input line 33.

[14 <C:/Users/bucur/Desktop/diploma/src/img/Gestionare-Grupuri.pdf>]
<src/img/ConversatiiCriptate.pdf, id=468, 603.25375pt x 456.70625pt>
File: src/img/ConversatiiCriptate.pdf Graphic file (type pdf)

<use src/img/ConversatiiCriptate.pdf>
Package pdftex.def Info: src/img/ConversatiiCriptate.pdf used on input line 37.

(pdftex.def)             Requested size: 361.95503pt x 274.02585pt.
 [15 <C:/Users/bucur/Desktop/diploma/src/img/ConversatiiCriptate.pdf>]) [16]
(C:\Users\bucur\Desktop\diploma\src/chapters/implementare.tex
Capitolul 5.

Package hyperref Warning: Composite letter `\textcedilla+t'
(hyperref)                not defined in PD1 encoding,
(hyperref)                removing `\textcedilla' on input line 7.


Package hyperref Warning: Composite letter `\textcedilla+t'
(hyperref)                not defined in PD1 encoding,
(hyperref)                removing `\textcedilla' on input line 8.


Package hyperref Warning: Glyph not defined in PD1 encoding,
(hyperref)                removing `\u' on input line 8.


Package hyperref Warning: Glyph not defined in PD1 encoding,
(hyperref)                removing `\u' on input line 8.

[17



] <src/img/UI.pdf, id=490, 804.00375pt x 506.89375pt>
File: src/img/UI.pdf Graphic file (type pdf)
 <use src/img/UI.pdf>
Package pdftex.def Info: src/img/UI.pdf used on input line 24.
(pdftex.def)             Requested size: 442.20343pt x 278.79242pt.

Overfull \hbox (29.63846pt too wide) in paragraph at lines 24--24
 [] 
 []

[18 <C:/Users/bucur/Desktop/diploma/src/img/UI.pdf>] [19]

Package hyperref Warning: Glyph not defined in PD1 encoding,
(hyperref)                removing `\u' on input line 50.

[20] [21]

Package hyperref Warning: Composite letter `\textcedilla+t'
(hyperref)                not defined in PD1 encoding,
(hyperref)                removing `\textcedilla' on input line 91.

[22] [23]

Package hyperref Warning: Glyph not defined in PD1 encoding,
(hyperref)                removing `\u' on input line 113.

<src/img/CBC-C.pdf, id=535, 703.62875pt x 265.99374pt>
File: src/img/CBC-C.pdf Graphic file (type pdf)
 <use src/img/CBC-C.pdf>
Package pdftex.def Info: src/img/CBC-C.pdf used on input line 123.
(pdftex.def)             Requested size: 422.18051pt x 159.59747pt.

Overfull \hbox (9.61554pt too wide) in paragraph at lines 123--123
 [] 
 []

[24] <src/img/CBC-D.pdf, id=544, 703.62875pt x 265.99374pt>
File: src/img/CBC-D.pdf Graphic file (type pdf)

<use src/img/CBC-D.pdf>
Package pdftex.def Info: src/img/CBC-D.pdf used on input line 127.
(pdftex.def)             Requested size: 422.18051pt x 159.59747pt.

Overfull \hbox (9.61554pt too wide) in paragraph at lines 127--127
 [] 
 []

[25 <C:/Users/bucur/Desktop/diploma/src/img/CBC-C.pdf> <C:/Users/bucur/Desktop/
diploma/src/img/CBC-D.pdf>]
Package hyperref Info: bookmark level for unknown lstlisting defaults to 0 on i
nput line 137.
LaTeX Font Info:    Try loading font information for T1+cmtt on input line 137.


("C:\Program Files (x86)\MiKTeX 2.9\tex\latex\base\t1cmtt.fd"
File: t1cmtt.fd 1999/05/25 v2.5h Standard LaTeX font definitions
)
(C:\Users\bucur\Desktop\diploma\src/code/build/criptare.class
LaTeX Font Info:    Font shape `T1/cmtt/bx/n' in size <10.95> not available
(Font)              Font shape `T1/cmtt/m/n' tried instead on input line 2.
)
(C:\Users\bucur\Desktop\diploma\src/code/build/decriptare.class) [26]) [27]
(C:\Users\bucur\Desktop\diploma\src/chapters/testare.tex
Capitolul 6.

Package hyperref Warning: Composite letter `\textcedilla+s'
(hyperref)                not defined in PD1 encoding,
(hyperref)                removing `\textcedilla' on input line 1.


Package hyperref Warning: Composite letter `\textcedilla+t'
(hyperref)                not defined in PD1 encoding,
(hyperref)                removing `\textcedilla' on input line 1.

<src/img/testareLogin.pdf, id=662, 804.00375pt x 607.26875pt>
File: src/img/testareLogin.pdf Graphic file (type pdf)

<use src/img/testareLogin.pdf>
Package pdftex.def Info: src/img/testareLogin.pdf used on input line 5.
(pdftex.def)             Requested size: 402.0009pt x 303.63364pt.


Package hyperref Warning: Composite letter `\textcedilla+t'
(hyperref)                not defined in PD1 encoding,
(hyperref)                removing `\textcedilla' on input line 8.

[28



 <C:/Users/bucur/Desktop/diploma/src/img/testareLogin.pdf>]
<src/img/Mesaje.pdf, id=673, 804.00375pt x 506.89375pt>
File: src/img/Mesaje.pdf Graphic file (type pdf)

<use src/img/Mesaje.pdf>
Package pdftex.def Info: src/img/Mesaje.pdf used on input line 14.
(pdftex.def)             Requested size: 482.40598pt x 304.1386pt.

Overfull \hbox (69.841pt too wide) in paragraph at lines 14--14
 [] 
 []

[29 <C:/Users/bucur/Desktop/diploma/src/img/Mesaje.pdf>]
<src/img/MesajeCriptate.pdf, id=685, 804.00375pt x 506.89375pt>
File: src/img/MesajeCriptate.pdf Graphic file (type pdf)

<use src/img/MesajeCriptate.pdf>
Package pdftex.def Info: src/img/MesajeCriptate.pdf used on input line 18.
(pdftex.def)             Requested size: 482.40598pt x 304.1386pt.

Overfull \hbox (69.841pt too wide) in paragraph at lines 18--18
 [] 
 []

[30 <C:/Users/bucur/Desktop/diploma/src/img/MesajeCriptate.pdf>]
<src/img/GrupuriProtejate.pdf, id=697, 804.00375pt x 506.89375pt>
File: src/img/GrupuriProtejate.pdf Graphic file (type pdf)

<use src/img/GrupuriProtejate.pdf>
Package pdftex.def Info: src/img/GrupuriProtejate.pdf used on input line 23.
(pdftex.def)             Requested size: 482.40598pt x 304.1386pt.

Overfull \hbox (69.841pt too wide) in paragraph at lines 23--23
 [] 
 []

[31 <C:/Users/bucur/Desktop/diploma/src/img/GrupuriProtejate.pdf>]) [32]
(C:\Users\bucur\Desktop\diploma\src/chapters/concluzii.tex
Capitolul 7.

Package hyperref Warning: Glyph not defined in PD1 encoding,
(hyperref)                removing `\u' on input line 3.


Package hyperref Warning: Composite letter `\textcedilla+t'
(hyperref)                not defined in PD1 encoding,
(hyperref)                removing `\textcedilla' on input line 3.

) [33



]) (C:\Users\bucur\Desktop\diploma\thesis.bbl
LaTeX Font Info:    Try loading font information for T1+phv on input line 4.

("C:\Program Files (x86)\MiKTeX 2.9\tex\latex\psnfss\t1phv.fd"
File: t1phv.fd 2001/06/04 scalable font definitions for T1/phv.
)
LaTeX Font Info:    Font shape `T1/phv/m/n' will be
(Font)              scaled to size 10.40245pt on input line 4.

Underfull \hbox (badness 10000) in paragraph at lines 16--17
[][][]$\T1/phv/m/n/10.95 https : / / play . google . com / store / apps / detai
ls ? id = com . symantec . pgpviewersymantec &$
 []

)
No file thesis.ind.
Package atveryend Info: Empty hook `BeforeClearDocument' on input line 41.
[34


]
Package atveryend Info: Empty hook `AfterLastShipout' on input line 41.
 (C:\Users\bucur\Desktop\diploma\thesis.aux
(C:\Users\bucur\Desktop\diploma\src/chapters/intro.aux)
(C:\Users\bucur\Desktop\diploma\src/chapters/appsimilare.aux)
(C:\Users\bucur\Desktop\diploma\src/chapters/tehnologiifolosite.aux)
(C:\Users\bucur\Desktop\diploma\src/chapters/proiectareaarhitecturii.aux)
(C:\Users\bucur\Desktop\diploma\src/chapters/implementare.aux)
(C:\Users\bucur\Desktop\diploma\src/chapters/testare.aux)
(C:\Users\bucur\Desktop\diploma\src/chapters/concluzii.aux))
Package atveryend Info: Executing hook `AtVeryEndDocument' on input line 41.
Package atveryend Info: Executing hook `AtEndAfterFileList' on input line 41.
Package rerunfilecheck Info: File `thesis.out' has not changed.
(rerunfilecheck)             Checksum: 0EFF45ED5BCB2ACD369151C94E61F936;3289.


LaTeX Warning: Label(s) may have changed. Rerun to get cross-references right.

Package atveryend Info: Empty hook `AtVeryVeryEnd' on input line 41.
 ) 
Here is how much of TeX's memory you used:
 11840 strings out of 493921
 173016 string characters out of 3144877
 322766 words of memory out of 3000000
 14694 multiletter control sequences out of 15000+200000
 22355 words of font info for 48 fonts, out of 3000000 for 9000
 841 hyphenation exceptions out of 8191
 51i,15n,45p,1144b,1126s stack positions out of 5000i,500n,10000p,200000b,50000s
 <C:\Users\bucur\AppData\Local\MiKTeX\2.9\fonts\pk\ljfour\jknappen\ec\dpi600\
ecti1095.pk>{C:/Program Files (x86)/MiKTeX 2.9/fonts/enc/dvips/fontname/8r.enc}
 <C:\Users\bucur\AppData\Local\MiKTeX\2.9\fonts\pk\ljfour\jknappen\ec\dpi600\ec
tt1095.pk> <C:\Users\bucur\AppData\Local\MiKTeX\2.9\fonts\pk\ljfour\jknappen\ec
\dpi600\ecrm0900.pk> <C:\Users\bucur\AppData\Local\MiKTeX\2.9\fonts\pk\ljfour\j
knappen\ec\dpi600\ecbx1200.pk> <C:\Users\bucur\AppData\Local\MiKTeX\2.9\fonts\p
k\ljfour\jknappen\ec\dpi600\ecbx2074.pk> <C:\Users\bucur\AppData\Local\MiKTeX\2
.9\fonts\pk\ljfour\jknappen\ec\dpi600\ecbx1095.pk> <C:\Users\bucur\AppData\Loca
l\MiKTeX\2.9\fonts\pk\ljfour\jknappen\ec\dpi600\ecbx2488.pk> <C:\Users\bucur\Ap
pData\Local\MiKTeX\2.9\fonts\pk\ljfour\jknappen\ec\dpi600\ecrm1095.pk> <C:\User
s\bucur\AppData\Local\MiKTeX\2.9\fonts\pk\ljfour\jknappen\ec\dpi600\ecbx0700.pk
> <C:\Users\bucur\AppData\Local\MiKTeX\2.9\fonts\pk\ljfour\jknappen\ec\dpi600\e
cbx1440.pk> <C:\Users\bucur\AppData\Local\MiKTeX\2.9\fonts\pk\ljfour\jknappen\e
c\dpi600\ecrm2488.pk> <C:\Users\bucur\AppData\Local\MiKTeX\2.9\fonts\pk\ljfour\
jknappen\ec\dpi600\ecrm0700.pk> <C:\Users\bucur\AppData\Local\MiKTeX\2.9\fonts\
pk\ljfour\jknappen\ec\dpi600\ecrm1440.pk><C:/Program Files (x86)/MiKTeX 2.9/fon
ts/type1/urw/helvetic/uhvr8a.pfb>
Output written on thesis.pdf (40 pages, 2596646 bytes).
PDF statistics:
 1261 PDF objects out of 1440 (max. 8388607)
 142 named destinations out of 1000 (max. 500000)
 485 words of extra memory for PDF output out of 10000 (max. 10000000)

